2025-12-04 01:21:25,173 - INFO - Загружено 0 слов из базы данных
2025-12-04 01:21:25,173 - INFO - Приложение запущено
2025-12-04 01:26:46,842 - INFO - Приложение завершает работу
2025-12-04 01:29:40,723 - INFO - Загружено 49 слов из базы данных
2025-12-04 01:29:40,725 - INFO - Приложение запущено
2025-12-04 01:30:28,304 - INFO - Экспортировано 49 слов
2025-12-04 01:30:36,880 - INFO - Открыто окно 'О программе'
2025-12-04 01:30:40,030 - INFO - Экспортировано 49 слов
2025-12-04 01:32:00,776 - INFO - Открыто окно 'О программе'
2025-12-04 01:32:02,581 - INFO - Экспортировано 49 слов
2025-12-04 01:32:29,233 - INFO - Загружено 49 слов из базы данных
2025-12-04 01:32:29,234 - INFO - Слово отмечено как изученное (ID: 48)
2025-12-04 01:36:42,510 - INFO - Приложение завершает работу
2025-12-04 01:36:46,799 - INFO - Загружено 49 слов из базы данных
2025-12-04 01:36:46,799 - INFO - Приложение запущено
2025-12-04 01:37:08,184 - INFO - Приложение завершает работу
2025-12-04 01:42:28,326 - INFO - Загружено 49 слов из базы данных
2025-12-04 01:42:28,326 - INFO - Приложение запущено
2025-12-04 01:42:32,127 - INFO - Приложение завершает работу
2025-12-04 01:48:16,806 - INFO - Загружено 49 слов из базы данных
2025-12-04 01:48:16,806 - INFO - Приложение запущено
2025-12-04 01:49:04,417 - INFO - Приложение завершает работу
2025-12-04 02:21:01,985 - INFO - Загружено 49 слов из базы данных
2025-12-04 02:21:01,988 - INFO - Приложение запущено
2025-12-04 02:26:28,995 - INFO - Загружено 50 слов из базы данных
2025-12-04 02:26:28,997 - INFO - Добавлено слово: 'brother' - 'брат'
2025-12-04 02:26:35,395 - INFO - Загружено 50 слов из базы данных
2025-12-04 02:26:35,395 - INFO - Слово отмечено как изученное (ID: 48)
2025-12-04 02:26:53,871 - INFO - Загружено 49 слов из базы данных
2025-12-04 02:26:53,871 - INFO - Удалено слово: 'hello'
2025-12-04 02:46:05,935 - INFO - Приложение завершает работу
